<?xml version="1.0" encoding="UTF-8"?>
<!-- Generated by org.testng.reporters.JUnitReportReporter -->
<testsuite skipped="0" hostname="LAPTOP-QFVM1IUP" name="dataProviderTest.DataProviderDemo" tests="3" failures="0" timestamp="18 十二月 2018 16:14:21 GMT" time="22.115" errors="0">
  <testcase name="test" time="9.846" classname="dataProviderTest.DataProviderDemo"/>
  <testcase name="test" time="5.499" classname="dataProviderTest.DataProviderDemo"/>
  <testcase name="test" time="6.770" classname="dataProviderTest.DataProviderDemo"/>
</testsuite> <!-- dataProviderTest.DataProviderDemo -->
