<?xml version="1.0" encoding="UTF-8"?>
<!-- Generated by org.testng.reporters.JUnitReportReporter -->
<testsuite skipped="0" hostname="BJDN014-PC" name="com.seleniumAPI.Demo_iFrame" tests="1" failures="0" timestamp="07 十二月 2018 06:37:24 GMT" time="12.096" errors="0">
  <testcase name="iframe_test" time="12.096" classname="com.seleniumAPI.Demo_iFrame"/>
</testsuite> <!-- com.seleniumAPI.Demo_iFrame -->
