<?xml version="1.0" encoding="UTF-8"?>
<!-- Generated by org.testng.reporters.JUnitReportReporter -->
<testsuite skipped="0" hostname="BJDN014-PC" name="groups_TestNG.Test_group" tests="3" failures="0" timestamp="11 十二月 2018 07:24:39 GMT" time="0.007" errors="0">
  <testcase name="test2" time="0.000" classname="groups_TestNG.Test_group"/>
  <testcase name="test1" time="0.007" classname="groups_TestNG.Test_group"/>
  <testcase name="test1_1" time="0.000" classname="groups_TestNG.Test_group"/>
</testsuite> <!-- groups_TestNG.Test_group -->
