<?xml version="1.0" encoding="UTF-8"?>
<!-- Generated by org.testng.reporters.JUnitReportReporter -->
<testsuite skipped="0" hostname="BJDN014-PC" name="com.seleniumAPI.Dateformat" tests="1" failures="0" timestamp="13 十二月 2018 06:52:35 GMT" time="0.019" errors="0">
  <testcase name="dateformat" time="0.019" classname="com.seleniumAPI.Dateformat"/>
</testsuite> <!-- com.seleniumAPI.Dateformat -->
