<?xml version="1.0" encoding="UTF-8"?>
<!-- Generated by org.testng.reporters.JUnitReportReporter -->
<testsuite skipped="0" hostname="BJDN014-PC" name="com.seleniumAPI.ActionsDemo" tests="1" failures="0" timestamp="06 十二月 2018 09:32:56 GMT" time="15.848" errors="0">
  <testcase name="name" time="15.848" classname="com.seleniumAPI.ActionsDemo"/>
</testsuite> <!-- com.seleniumAPI.ActionsDemo -->
