<?xml version="1.0" encoding="UTF-8"?>
<!-- Generated by org.testng.reporters.JUnitReportReporter -->
<testsuite skipped="0" hostname="BJDN014-PC" name="demo1.SelectorDemo" tests="1" failures="0" timestamp="11 十二月 2018 03:41:41 GMT" time="0.010" errors="0">
  <testcase name="name2" time="0.010" classname="demo1.SelectorDemo"/>
</testsuite> <!-- demo1.SelectorDemo -->
