<?xml version="1.0" encoding="UTF-8"?>
<!-- Generated by org.testng.reporters.JUnitReportReporter -->
<testsuite skipped="0" hostname="BJDN014-PC" name="demo1.Selectordemo2" tests="1" failures="0" timestamp="10 十二月 2018 06:55:51 GMT" time="20.542" errors="0">
  <testcase name="name2" time="20.542" classname="demo1.Selectordemo2"/>
</testsuite> <!-- demo1.Selectordemo2 -->
