<?xml version="1.0" encoding="UTF-8"?>
<!-- Generated by org.testng.reporters.JUnitReportReporter -->
<testsuite skipped="0" hostname="BJDN014-PC" name="com.seleniumAPI.getIEDriver" tests="1" failures="0" timestamp="11 十二月 2018 06:36:18 GMT" time="6.741" errors="0">
  <testcase name="ss" time="6.741" classname="com.seleniumAPI.getIEDriver"/>
</testsuite> <!-- com.seleniumAPI.getIEDriver -->
