<?xml version="1.0" encoding="UTF-8"?>
<!-- Generated by org.testng.reporters.JUnitReportReporter -->
<testsuite skipped="0" hostname="BJDN014-PC" name="com.seleniumAPI.SelectorDemo" tests="1" failures="0" timestamp="06 十二月 2018 10:23:29 GMT" time="10.677" errors="0">
  <testcase name="name" time="10.677" classname="com.seleniumAPI.SelectorDemo"/>
</testsuite> <!-- com.seleniumAPI.SelectorDemo -->
