<?xml version="1.0" encoding="UTF-8"?>
<!-- Generated by org.testng.reporters.JUnitReportReporter -->
<testsuite skipped="0" hostname="BJDN014-PC" name="com.seleniumAPI.API" tests="1" failures="0" timestamp="07 十二月 2018 07:05:56 GMT" time="25.490" errors="0">
  <testcase name="openURLandQuit" time="25.490" classname="com.seleniumAPI.API"/>
</testsuite> <!-- com.seleniumAPI.API -->
