<?xml version="1.0" encoding="UTF-8"?>
<!-- Generated by org.testng.reporters.JUnitReportReporter -->
<testsuite skipped="0" hostname="BJDN014-PC" name="com.seleniumAPI.WaitAPI" tests="1" failures="0" timestamp="07 十二月 2018 01:58:36 GMT" time="9.108" errors="0">
  <testcase name="waitAPI" time="9.108" classname="com.seleniumAPI.WaitAPI"/>
</testsuite> <!-- com.seleniumAPI.WaitAPI -->
