<?xml version="1.0" encoding="UTF-8"?>
<!-- Generated by org.testng.reporters.JUnitReportReporter -->
<testsuite skipped="0" hostname="BJDN014-PC" name="com.seleniumAPI.JSdemo" tests="1" failures="0" timestamp="06 十二月 2018 09:19:23 GMT" time="15.507" errors="0">
  <testcase name="testJS" time="15.507" classname="com.seleniumAPI.JSdemo"/>
</testsuite> <!-- com.seleniumAPI.JSdemo -->
