<?xml version="1.0" encoding="UTF-8"?>
<!-- Generated by org.testng.reporters.JUnitReportReporter -->
<testsuite skipped="0" hostname="BJDN014-PC" name="pageFactory.Testcase" tests="1" failures="0" timestamp="13 十二月 2018 01:59:18 GMT" time="5.310" errors="0">
  <testcase name="baiduTest" time="5.310" classname="pageFactory.Testcase"/>
</testsuite> <!-- pageFactory.Testcase -->
