<?xml version="1.0" encoding="UTF-8"?>
<!-- Generated by org.testng.reporters.JUnitReportReporter -->
<testsuite skipped="0" hostname="BJDN014-PC" name="pageObject.Testcase" tests="1" failures="0" timestamp="13 十二月 2018 06:23:41 GMT" time="5.060" errors="0">
  <testcase name="baiduTest" time="5.060" classname="pageObject.Testcase"/>
</testsuite> <!-- pageObject.Testcase -->
