<?xml version="1.0" encoding="UTF-8"?>
<!-- Generated by org.testng.reporters.JUnitReportReporter -->
<testsuite skipped="0" hostname="LAPTOP-QFVM1IUP" name="com.seleniumAPI.Dateformat" tests="1" failures="0" timestamp="31 十二月 2018 09:05:29 GMT" time="0.021" errors="0">
  <testcase name="dateformat" time="0.021" classname="com.seleniumAPI.Dateformat"/>
</testsuite> <!-- com.seleniumAPI.Dateformat -->
