<?xml version="1.0" encoding="UTF-8"?>
<!-- Generated by org.testng.reporters.JUnitReportReporter -->
<testsuite skipped="0" hostname="BJDN014-PC" name="parameter_TestNG.Test1" tests="1" failures="0" timestamp="11 十二月 2018 09:53:54 GMT" time="0.008" errors="0">
  <testcase name="test" time="0.008" classname="parameter_TestNG.Test1"/>
</testsuite> <!-- parameter_TestNG.Test1 -->
