<?xml version="1.0" encoding="UTF-8"?>
<!-- Generated by org.testng.reporters.JUnitReportReporter -->
<testsuite skipped="0" hostname="BJDN014-PC" name="com.seleniumAPI.Window_handle" tests="1" failures="0" timestamp="07 十二月 2018 06:04:31 GMT" time="11.369" errors="0">
  <testcase name="switch_handle" time="11.369" classname="com.seleniumAPI.Window_handle"/>
</testsuite> <!-- com.seleniumAPI.Window_handle -->
