<?xml version="1.0" encoding="UTF-8"?>
<!-- Generated by org.testng.reporters.JUnitReportReporter -->
<testsuite skipped="0" hostname="LAPTOP-QFVM1IUP" name="com.seleniumAPI.API" tests="1" failures="0" timestamp="16 十二月 2018 10:04:43 GMT" time="19.142" errors="0">
  <testcase name="openURLandQuit" time="19.142" classname="com.seleniumAPI.API"/>
</testsuite> <!-- com.seleniumAPI.API -->
