<?xml version="1.0" encoding="UTF-8"?>
<!-- Generated by org.testng.reporters.JUnitReportReporter -->
<testsuite skipped="0" hostname="LAPTOP-QFVM1IUP" name="demo1.SelectorDemo" tests="1" failures="0" timestamp="17 十二月 2018 10:56:19 GMT" time="0.007" errors="0">
  <testcase name="name2" time="0.007" classname="demo1.SelectorDemo"/>
</testsuite> <!-- demo1.SelectorDemo -->
