<?xml version="1.0" encoding="UTF-8"?>
<!-- Generated by org.testng.reporters.JUnitReportReporter -->
<testsuite skipped="0" hostname="BJDN014-PC" name="demo1.SelectorDemo" tests="1" failures="0" timestamp="10 十二月 2018 09:05:10 GMT" time="15.308" errors="0">
  <testcase name="name1" time="15.308" classname="demo1.SelectorDemo"/>
</testsuite> <!-- demo1.SelectorDemo -->
