<?xml version="1.0" encoding="UTF-8"?>
<!-- Generated by org.testng.reporters.JUnitReportReporter -->
<testsuite skipped="0" hostname="BJDN014-PC" name="demo1.Demo2" tests="1" failures="0" timestamp="10 十二月 2018 09:05:10 GMT" time="10.166" errors="0">
  <testcase name="name2" time="10.166" classname="demo1.Demo2"/>
</testsuite> <!-- demo1.Demo2 -->
